This file contains any messages produced by compilers while
running configure, to aid debugging if configure makes a mistake.

It was created by xbeach configure v18, which was
generated by GNU Autoconf 2.69.  Invocation command line was

  $ ./configure --with-netcdf

## --------- ##
## Platform. ##
## --------- ##

hostname = 21eb93510fff
uname -m = x86_64
uname -r = 4.9.13-moby
uname -s = Linux
uname -v = #1 SMP Tue Mar 21 21:21:05 UTC 2017

/usr/bin/uname -p = unknown
/bin/uname -X     = unknown

/bin/arch              = unknown
/usr/bin/arch -k       = unknown
/usr/convex/getsysinfo = unknown
/usr/bin/hostinfo      = unknown
/bin/machine           = unknown
/usr/bin/oslevel       = unknown
/bin/universe          = unknown

PATH: /usr/local/sbin
PATH: /usr/local/bin
PATH: /usr/sbin
PATH: /usr/bin
PATH: /sbin
PATH: /bin


## ----------- ##
## Core tests. ##
## ----------- ##

configure:2307: checking build system type
configure:2321: result: x86_64-unknown-linux-gnu
configure:2341: checking host system type
configure:2354: result: x86_64-unknown-linux-gnu
configure:2395: checking how to print strings
configure:2422: result: printf
configure:2494: checking for gcc
configure:2510: found /usr/bin/gcc
configure:2521: result: gcc
configure:2750: checking for C compiler version
configure:2759: gcc --version >&5
gcc (Debian 4.9.2-10) 4.9.2
Copyright (C) 2014 Free Software Foundation, Inc.
This is free software; see the source for copying conditions.  There is NO
warranty; not even for MERCHANTABILITY or FITNESS FOR A PARTICULAR PURPOSE.

configure:2770: $? = 0
configure:2759: gcc -v >&5
Using built-in specs.
COLLECT_GCC=gcc
COLLECT_LTO_WRAPPER=/usr/lib/gcc/x86_64-linux-gnu/4.9/lto-wrapper
Target: x86_64-linux-gnu
Configured with: ../src/configure -v --with-pkgversion='Debian 4.9.2-10' --with-bugurl=file:///usr/share/doc/gcc-4.9/README.Bugs --enable-languages=c,c++,java,go,d,fortran,objc,obj-c++ --prefix=/usr --program-suffix=-4.9 --enable-shared --enable-linker-build-id --libexecdir=/usr/lib --without-included-gettext --enable-threads=posix --with-gxx-include-dir=/usr/include/c++/4.9 --libdir=/usr/lib --enable-nls --with-sysroot=/ --enable-clocale=gnu --enable-libstdcxx-debug --enable-libstdcxx-time=yes --enable-gnu-unique-object --disable-vtable-verify --enable-plugin --with-system-zlib --disable-browser-plugin --enable-java-awt=gtk --enable-gtk-cairo --with-java-home=/usr/lib/jvm/java-1.5.0-gcj-4.9-amd64/jre --enable-java-home --with-jvm-root-dir=/usr/lib/jvm/java-1.5.0-gcj-4.9-amd64 --with-jvm-jar-dir=/usr/lib/jvm-exports/java-1.5.0-gcj-4.9-amd64 --with-arch-directory=amd64 --with-ecj-jar=/usr/share/java/eclipse-ecj.jar --enable-objc-gc --enable-multiarch --with-arch-32=i586 --with-abi=m64 --with-multilib-list=m32,m64,mx32 --enable-multilib --with-tune=generic --enable-checking=release --build=x86_64-linux-gnu --host=x86_64-linux-gnu --target=x86_64-linux-gnu
Thread model: posix
gcc version 4.9.2 (Debian 4.9.2-10) 
configure:2770: $? = 0
configure:2759: gcc -V >&5
gcc: error: unrecognized command line option '-V'
gcc: fatal error: no input files
compilation terminated.
configure:2770: $? = 4
configure:2759: gcc -qversion >&5
gcc: error: unrecognized command line option '-qversion'
gcc: fatal error: no input files
compilation terminated.
configure:2770: $? = 4
configure:2790: checking whether the C compiler works
configure:2812: gcc    conftest.c  >&5
configure:2816: $? = 0
configure:2864: result: yes
configure:2867: checking for C compiler default output file name
configure:2869: result: a.out
configure:2875: checking for suffix of executables
configure:2882: gcc -o conftest    conftest.c  >&5
configure:2886: $? = 0
configure:2908: result: 
configure:2930: checking whether we are cross compiling
configure:2938: gcc -o conftest    conftest.c  >&5
configure:2942: $? = 0
configure:2949: ./conftest
configure:2953: $? = 0
configure:2968: result: no
configure:2973: checking for suffix of object files
configure:2995: gcc -c   conftest.c >&5
configure:2999: $? = 0
configure:3020: result: o
configure:3024: checking whether we are using the GNU C compiler
configure:3043: gcc -c   conftest.c >&5
configure:3043: $? = 0
configure:3052: result: yes
configure:3061: checking whether gcc accepts -g
configure:3081: gcc -c -g  conftest.c >&5
configure:3081: $? = 0
configure:3122: result: yes
configure:3139: checking for gcc option to accept ISO C89
configure:3202: gcc  -c -g -O2  conftest.c >&5
configure:3202: $? = 0
configure:3215: result: none needed
configure:3240: checking whether gcc understands -c and -o together
configure:3262: gcc -c conftest.c -o conftest2.o
configure:3265: $? = 0
configure:3262: gcc -c conftest.c -o conftest2.o
configure:3265: $? = 0
configure:3277: result: yes
configure:3294: checking for a sed that does not truncate output
configure:3358: result: /bin/sed
configure:3376: checking for grep that handles long lines and -e
configure:3434: result: /bin/grep
configure:3439: checking for egrep
configure:3501: result: /bin/grep -E
configure:3506: checking for fgrep
configure:3568: result: /bin/grep -F
configure:3603: checking for ld used by gcc
configure:3670: result: /usr/bin/ld
configure:3677: checking if the linker (/usr/bin/ld) is GNU ld
configure:3692: result: yes
configure:3704: checking for BSD- or MS-compatible name lister (nm)
configure:3753: result: /usr/bin/nm -B
configure:3883: checking the name lister (/usr/bin/nm -B) interface
configure:3890: gcc -c -g -O2  conftest.c >&5
configure:3893: /usr/bin/nm -B "conftest.o"
configure:3896: output
0000000000000000 B some_variable
configure:3903: result: BSD nm
configure:3906: checking whether ln -s works
configure:3910: result: yes
configure:3918: checking the maximum length of command line arguments
configure:4049: result: 1572864
configure:4066: checking whether the shell understands some XSI constructs
configure:4076: result: yes
configure:4080: checking whether the shell understands "+="
configure:4086: result: yes
configure:4121: checking how to convert x86_64-unknown-linux-gnu file names to x86_64-unknown-linux-gnu format
configure:4161: result: func_convert_file_noop
configure:4168: checking how to convert x86_64-unknown-linux-gnu file names to toolchain format
configure:4188: result: func_convert_file_noop
configure:4195: checking for /usr/bin/ld option to reload object files
configure:4202: result: -r
configure:4276: checking for objdump
configure:4292: found /usr/bin/objdump
configure:4303: result: objdump
configure:4335: checking how to recognize dependent libraries
configure:4533: result: pass_all
configure:4618: checking for dlltool
configure:4648: result: no
configure:4678: checking how to associate runtime and link libraries
configure:4705: result: printf %s\n
configure:4766: checking for ar
configure:4782: found /usr/bin/ar
configure:4793: result: ar
configure:4830: checking for archiver @FILE support
configure:4847: gcc -c -g -O2  conftest.c >&5
configure:4847: $? = 0
configure:4850: ar cru libconftest.a @conftest.lst >&5
configure:4853: $? = 0
configure:4858: ar cru libconftest.a @conftest.lst >&5
ar: conftest.o: No such file or directory
configure:4861: $? = 1
configure:4873: result: @
configure:4931: checking for strip
configure:4947: found /usr/bin/strip
configure:4958: result: strip
configure:5030: checking for ranlib
configure:5046: found /usr/bin/ranlib
configure:5057: result: ranlib
configure:5134: checking for gawk
configure:5164: result: no
configure:5134: checking for mawk
configure:5150: found /usr/bin/mawk
configure:5161: result: mawk
configure:5201: checking command to parse /usr/bin/nm -B output from gcc object
configure:5321: gcc -c -g -O2  conftest.c >&5
configure:5324: $? = 0
configure:5328: /usr/bin/nm -B conftest.o \| sed -n -e 's/^.*[ ]\([ABCDGIRSTW][ABCDGIRSTW]*\)[ ][ ]*\([_A-Za-z][_A-Za-z0-9]*\)$/\1 \2 \2/p' | sed '/ __gnu_lto/d' \> conftest.nm
configure:5331: $? = 0
configure:5397: gcc -o conftest -g -O2   conftest.c conftstm.o >&5
configure:5400: $? = 0
configure:5438: result: ok
configure:5475: checking for sysroot
configure:5505: result: no
configure:5582: gcc -c -g -O2  conftest.c >&5
configure:5585: $? = 0
configure:5774: checking for mt
configure:5804: result: no
configure:5824: checking if : is a manifest tool
configure:5830: : '-?'
configure:5838: result: no
configure:6480: checking how to run the C preprocessor
configure:6511: gcc -E  conftest.c
configure:6511: $? = 0
configure:6525: gcc -E  conftest.c
conftest.c:9:28: fatal error: ac_nonexistent.h: No such file or directory
 #include <ac_nonexistent.h>
                            ^
compilation terminated.
configure:6525: $? = 1
configure: failed program was:
| /* confdefs.h */
| #define PACKAGE_NAME "xbeach"
| #define PACKAGE_TARNAME "xbeach"
| #define PACKAGE_VERSION "v18"
| #define PACKAGE_STRING "xbeach v18"
| #define PACKAGE_BUGREPORT "d.roelvink@unesco-ihe.org"
| #define PACKAGE_URL ""
| /* end confdefs.h.  */
| #include <ac_nonexistent.h>
configure:6550: result: gcc -E
configure:6570: gcc -E  conftest.c
configure:6570: $? = 0
configure:6584: gcc -E  conftest.c
conftest.c:9:28: fatal error: ac_nonexistent.h: No such file or directory
 #include <ac_nonexistent.h>
                            ^
compilation terminated.
configure:6584: $? = 1
configure: failed program was:
| /* confdefs.h */
| #define PACKAGE_NAME "xbeach"
| #define PACKAGE_TARNAME "xbeach"
| #define PACKAGE_VERSION "v18"
| #define PACKAGE_STRING "xbeach v18"
| #define PACKAGE_BUGREPORT "d.roelvink@unesco-ihe.org"
| #define PACKAGE_URL ""
| /* end confdefs.h.  */
| #include <ac_nonexistent.h>
configure:6613: checking for ANSI C header files
configure:6633: gcc -c -g -O2  conftest.c >&5
configure:6633: $? = 0
configure:6706: gcc -o conftest -g -O2   conftest.c  >&5
configure:6706: $? = 0
configure:6706: ./conftest
configure:6706: $? = 0
configure:6717: result: yes
configure:6730: checking for sys/types.h
configure:6730: gcc -c -g -O2  conftest.c >&5
configure:6730: $? = 0
configure:6730: result: yes
configure:6730: checking for sys/stat.h
configure:6730: gcc -c -g -O2  conftest.c >&5
configure:6730: $? = 0
configure:6730: result: yes
configure:6730: checking for stdlib.h
configure:6730: gcc -c -g -O2  conftest.c >&5
configure:6730: $? = 0
configure:6730: result: yes
configure:6730: checking for string.h
configure:6730: gcc -c -g -O2  conftest.c >&5
configure:6730: $? = 0
configure:6730: result: yes
configure:6730: checking for memory.h
configure:6730: gcc -c -g -O2  conftest.c >&5
configure:6730: $? = 0
configure:6730: result: yes
configure:6730: checking for strings.h
configure:6730: gcc -c -g -O2  conftest.c >&5
configure:6730: $? = 0
configure:6730: result: yes
configure:6730: checking for inttypes.h
configure:6730: gcc -c -g -O2  conftest.c >&5
configure:6730: $? = 0
configure:6730: result: yes
configure:6730: checking for stdint.h
configure:6730: gcc -c -g -O2  conftest.c >&5
configure:6730: $? = 0
configure:6730: result: yes
configure:6730: checking for unistd.h
configure:6730: gcc -c -g -O2  conftest.c >&5
configure:6730: $? = 0
configure:6730: result: yes
configure:6744: checking for dlfcn.h
configure:6744: gcc -c -g -O2  conftest.c >&5
configure:6744: $? = 0
configure:6744: result: yes
configure:6950: checking for objdir
configure:6965: result: .libs
configure:7236: checking if gcc supports -fno-rtti -fno-exceptions
configure:7254: gcc -c -g -O2  -fno-rtti -fno-exceptions conftest.c >&5
cc1: warning: command line option '-fno-rtti' is valid for C++/ObjC++ but not for C
configure:7258: $? = 0
configure:7271: result: no
configure:7598: checking for gcc option to produce PIC
configure:7605: result: -fPIC -DPIC
configure:7613: checking if gcc PIC flag -fPIC -DPIC works
configure:7631: gcc -c -g -O2  -fPIC -DPIC -DPIC conftest.c >&5
configure:7635: $? = 0
configure:7648: result: yes
configure:7677: checking if gcc static flag -static works
configure:7705: result: yes
configure:7720: checking if gcc supports -c -o file.o
configure:7741: gcc -c -g -O2  -o out/conftest2.o conftest.c >&5
configure:7745: $? = 0
configure:7767: result: yes
configure:7775: checking if gcc supports -c -o file.o
configure:7822: result: yes
configure:7855: checking whether the gcc linker (/usr/bin/ld -m elf_x86_64) supports shared libraries
configure:9012: result: yes
configure:9049: checking whether -lc should be explicitly linked in
configure:9057: gcc -c -g -O2  conftest.c >&5
configure:9060: $? = 0
configure:9075: gcc -shared  -fPIC -DPIC conftest.o  -v -Wl,-soname -Wl,conftest -o conftest 2\>\&1 \| /bin/grep  -lc  \>/dev/null 2\>\&1
configure:9078: $? = 0
configure:9092: result: no
configure:9252: checking dynamic linker characteristics
configure:9752: gcc -o conftest -g -O2   -Wl,-rpath -Wl,/foo conftest.c  >&5
configure:9752: $? = 0
configure:9986: result: GNU/Linux ld.so
configure:10093: checking how to hardcode library paths into programs
configure:10118: result: immediate
configure:10658: checking whether stripping libraries is possible
configure:10663: result: yes
configure:10698: checking if libtool supports shared libraries
configure:10700: result: yes
configure:10703: checking whether to build shared libraries
configure:10724: result: yes
configure:10727: checking whether to build static libraries
configure:10731: result: yes
configure:10784: checking for a BSD-compatible install
configure:10852: result: /usr/bin/install -c
configure:10863: checking whether build environment is sane
configure:10918: result: yes
configure:11066: checking for a thread-safe mkdir -p
configure:11105: result: /bin/mkdir -p
configure:11108: checking whether make sets $(MAKE)
configure:11130: result: yes
configure:11160: checking for style of include used by make
configure:11188: result: GNU
configure:11222: checking whether make supports nested variables
configure:11239: result: yes
configure:11324: checking dependency style of gcc
configure:11435: result: none
configure:11504: checking whether make supports nested variables
configure:11521: result: yes
configure:11600: checking for gfortran
configure:11616: found /usr/bin/gfortran
configure:11627: result: gfortran
configure:11653: checking for Fortran compiler version
configure:11662: gfortran --version >&5
GNU Fortran (Debian 4.9.2-10) 4.9.2
Copyright (C) 2014 Free Software Foundation, Inc.

GNU Fortran comes with NO WARRANTY, to the extent permitted by law.
You may redistribute copies of GNU Fortran
under the terms of the GNU General Public License.
For more information about these matters, see the file named COPYING

configure:11673: $? = 0
configure:11662: gfortran -v >&5
Using built-in specs.
COLLECT_GCC=gfortran
COLLECT_LTO_WRAPPER=/usr/lib/gcc/x86_64-linux-gnu/4.9/lto-wrapper
Target: x86_64-linux-gnu
Configured with: ../src/configure -v --with-pkgversion='Debian 4.9.2-10' --with-bugurl=file:///usr/share/doc/gcc-4.9/README.Bugs --enable-languages=c,c++,java,go,d,fortran,objc,obj-c++ --prefix=/usr --program-suffix=-4.9 --enable-shared --enable-linker-build-id --libexecdir=/usr/lib --without-included-gettext --enable-threads=posix --with-gxx-include-dir=/usr/include/c++/4.9 --libdir=/usr/lib --enable-nls --with-sysroot=/ --enable-clocale=gnu --enable-libstdcxx-debug --enable-libstdcxx-time=yes --enable-gnu-unique-object --disable-vtable-verify --enable-plugin --with-system-zlib --disable-browser-plugin --enable-java-awt=gtk --enable-gtk-cairo --with-java-home=/usr/lib/jvm/java-1.5.0-gcj-4.9-amd64/jre --enable-java-home --with-jvm-root-dir=/usr/lib/jvm/java-1.5.0-gcj-4.9-amd64 --with-jvm-jar-dir=/usr/lib/jvm-exports/java-1.5.0-gcj-4.9-amd64 --with-arch-directory=amd64 --with-ecj-jar=/usr/share/java/eclipse-ecj.jar --enable-objc-gc --enable-multiarch --with-arch-32=i586 --with-abi=m64 --with-multilib-list=m32,m64,mx32 --enable-multilib --with-tune=generic --enable-checking=release --build=x86_64-linux-gnu --host=x86_64-linux-gnu --target=x86_64-linux-gnu
Thread model: posix
gcc version 4.9.2 (Debian 4.9.2-10) 
configure:11673: $? = 0
configure:11662: gfortran -V >&5
gfortran: error: unrecognized command line option '-V'
gfortran: fatal error: no input files
compilation terminated.
configure:11673: $? = 4
configure:11662: gfortran -qversion >&5
gfortran: error: unrecognized command line option '-qversion'
gfortran: fatal error: no input files
compilation terminated.
configure:11673: $? = 4
configure:11682: checking whether we are using the GNU Fortran compiler
configure:11695: gfortran -c   conftest.F >&5
configure:11695: $? = 0
configure:11704: result: yes
configure:11710: checking whether gfortran accepts -g
configure:11721: gfortran -c -g  conftest.f >&5
configure:11721: $? = 0
configure:11729: result: yes
configure:11878: checking if libtool supports shared libraries
configure:11880: result: yes
configure:11883: checking whether to build shared libraries
configure:11903: result: yes
configure:11906: checking whether to build static libraries
configure:11910: result: yes
configure:11944: gfortran -c -g -O2  conftest.f >&5
configure:11947: $? = 0
configure:12394: checking for gfortran option to produce PIC
configure:12401: result: -fPIC
configure:12409: checking if gfortran PIC flag -fPIC works
configure:12427: gfortran -c -g -O2 -fPIC  conftest.f >&5
configure:12431: $? = 0
configure:12444: result: yes
configure:12467: checking if gfortran static flag -static works
configure:12495: result: yes
configure:12507: checking if gfortran supports -c -o file.o
configure:12528: gfortran -c -g -O2 -o out/conftest2.o  conftest.f >&5
configure:12532: $? = 0
configure:12554: result: yes
configure:12559: checking if gfortran supports -c -o file.o
configure:12606: result: yes
configure:12636: checking whether the gfortran linker (/usr/bin/ld -m elf_x86_64) supports shared libraries
configure:13743: result: yes
configure:13884: checking dynamic linker characteristics
configure:14546: result: GNU/Linux ld.so
configure:14599: checking how to hardcode library paths into programs
configure:14624: result: immediate
configure:14931: checking for Fortran flag needed to accept free-form source
configure:14950: gfortran -c -g -O2  conftest.f >&5
conftest.f:2.3:

  program freeform                                                      
   1
Error: Non-numeric character in statement label at (1)
conftest.f:2.3:

  program freeform                                                      
   1
Error: Unclassifiable statement at (1)
conftest.f:4.26:

       print *, 'Hello ', &                                             
                          1
Error: Expected expression in PRINT statement at (1)
conftest.f:5.11:

          'world.'                                                      
           1
Error: Invalid character in name at (1)
configure:14950: $? = 1
configure: failed program was:
| 
|   program freeform
|        ! FIXME: how to best confuse non-freeform compilers?
|        print *, 'Hello ', &
|           'world.'
|        end
configure:14950: gfortran -c -g -O2 -ffree-form  conftest.f >&5
configure:14950: $? = 0
configure:14959: result: -ffree-form
configure:14984: checking for Fortran flag needed to accept unlimited column source lines
configure:15004: gfortran -c -g -O2 -ffree-form  conftest.f >&5
conftest.f:2.132:

      subroutine longer_than_132(arg1,arg2,arg3,arg4,arg5,arg6,arg7,arg8,arg9,arg10,arg11,arg12,arg13,arg14,arg15,arg16,arg17,arg18,
                                                                                                                                    1
Error: Invalid character in name at (1)
conftest.f:3.9:

      end subroutine
         1
Error: Expecting END PROGRAM statement at (1)
configure:15004: $? = 1
configure: failed program was:
| 
|       subroutine longer_than_132(arg1,arg2,arg3,arg4,arg5,arg6,arg7,arg8,arg9,arg10,arg11,arg12,arg13,arg14,arg15,arg16,arg17,arg18,arg19)
|       end subroutine
configure:15004: gfortran -c -g -O2 -ffree-form -ffree-line-length-none  conftest.f >&5
configure:15004: $? = 0
configure:15013: result: -ffree-line-length-none
configure:15029: checking for isnan
configure:15046: gfortran -o conftest -g -O2 -ffree-form -ffree-line-length-none   conftest.f  >&5
configure:15046: $? = 0
configure:15048: result: yes
configure:15064: checking for IEEE_ARITHMETIC
configure:15082: gfortran -o conftest -g -O2 -ffree-form -ffree-line-length-none   conftest.f  >&5
conftest.f:4.14:

          use ieee_arithmetic
              1
Fatal Error: Can't open module file 'ieee_arithmetic.mod' for reading at (1): No such file or directory
configure:15082: $? = 1
configure: failed program was:
| 
|           program main
| 
|           use ieee_arithmetic
|           implicit none
| 
|           real :: a
|           logical :: b
|           a = 0.0
|           b = ieee_is_nan(a)
| 
| 
|       end
| 
configure:15092: result: no
configure:15110: checking for pkg-config
configure:15128: found /usr/bin/pkg-config
configure:15140: result: /usr/bin/pkg-config
configure:15266: checking pkg-config is at least version 0.9.0
configure:15269: result: yes
configure:15283: checking for NETCDF_FORTRAN
configure:15290: $PKG_CONFIG --exists --print-errors "netcdf-fortran"
Package netcdf-fortran was not found in the pkg-config search path.
Perhaps you should add the directory containing `netcdf-fortran.pc'
to the PKG_CONFIG_PATH environment variable
No package 'netcdf-fortran' found
configure:15293: $? = 1
configure:15307: $PKG_CONFIG --exists --print-errors "netcdf-fortran"
Package netcdf-fortran was not found in the pkg-config search path.
Perhaps you should add the directory containing `netcdf-fortran.pc'
to the PKG_CONFIG_PATH environment variable
No package 'netcdf-fortran' found
configure:15310: $? = 1
configure:15324: result: no
No package 'netcdf-fortran' found
configure:15342: checking for NETCDF
configure:15349: $PKG_CONFIG --exists --print-errors "netcdf >= 4"
configure:15352: $? = 0
configure:15366: $PKG_CONFIG --exists --print-errors "netcdf >= 4"
configure:15369: $? = 0
configure:15427: result: yes
configure:15665: checking that generated files are newer than configure
configure:15671: result: done
configure:15702: creating ./config.status

## ---------------------- ##
## Running config.status. ##
## ---------------------- ##

This file was extended by xbeach config.status v18, which was
generated by GNU Autoconf 2.69.  Invocation command line was

  CONFIG_FILES    = 
  CONFIG_HEADERS  = 
  CONFIG_LINKS    = 
  CONFIG_COMMANDS = 
  $ ./config.status 

on 21eb93510fff

config.status:1164: creating Makefile
config.status:1164: creating src/Makefile
config.status:1164: creating src/xbeachlibrary/Makefile
config.status:1164: creating src/xbeach/Makefile
config.status:1164: creating config.h
config.status:1393: executing libtool commands
config.status:1393: executing depfiles commands

## ---------------- ##
## Cache variables. ##
## ---------------- ##

ac_cv_build=x86_64-unknown-linux-gnu
ac_cv_c_compiler_gnu=yes
ac_cv_env_CC_set=
ac_cv_env_CC_value=
ac_cv_env_CFLAGS_set=
ac_cv_env_CFLAGS_value=
ac_cv_env_CPPFLAGS_set=
ac_cv_env_CPPFLAGS_value=
ac_cv_env_CPP_set=
ac_cv_env_CPP_value=
ac_cv_env_FCFLAGS_set=
ac_cv_env_FCFLAGS_value=
ac_cv_env_FC_set=
ac_cv_env_FC_value=
ac_cv_env_LDFLAGS_set=
ac_cv_env_LDFLAGS_value=
ac_cv_env_LIBS_set=
ac_cv_env_LIBS_value=
ac_cv_env_MPIFC_set=
ac_cv_env_MPIFC_value=
ac_cv_env_NETCDF_CFLAGS_set=
ac_cv_env_NETCDF_CFLAGS_value=
ac_cv_env_NETCDF_FORTRAN_CFLAGS_set=
ac_cv_env_NETCDF_FORTRAN_CFLAGS_value=
ac_cv_env_NETCDF_FORTRAN_LIBS_set=
ac_cv_env_NETCDF_FORTRAN_LIBS_value=
ac_cv_env_NETCDF_LIBS_set=
ac_cv_env_NETCDF_LIBS_value=
ac_cv_env_PKG_CONFIG_LIBDIR_set=
ac_cv_env_PKG_CONFIG_LIBDIR_value=
ac_cv_env_PKG_CONFIG_PATH_set=
ac_cv_env_PKG_CONFIG_PATH_value=
ac_cv_env_PKG_CONFIG_set=
ac_cv_env_PKG_CONFIG_value=
ac_cv_env_build_alias_set=
ac_cv_env_build_alias_value=
ac_cv_env_host_alias_set=
ac_cv_env_host_alias_value=
ac_cv_env_target_alias_set=
ac_cv_env_target_alias_value=
ac_cv_fc_compiler_gnu=yes
ac_cv_fc_freeform=-ffree-form
ac_cv_fc_line_length=-ffree-line-length-none
ac_cv_header_dlfcn_h=yes
ac_cv_header_inttypes_h=yes
ac_cv_header_memory_h=yes
ac_cv_header_stdc=yes
ac_cv_header_stdint_h=yes
ac_cv_header_stdlib_h=yes
ac_cv_header_string_h=yes
ac_cv_header_strings_h=yes
ac_cv_header_sys_stat_h=yes
ac_cv_header_sys_types_h=yes
ac_cv_header_unistd_h=yes
ac_cv_host=x86_64-unknown-linux-gnu
ac_cv_objext=o
ac_cv_path_EGREP='/bin/grep -E'
ac_cv_path_FGREP='/bin/grep -F'
ac_cv_path_GREP=/bin/grep
ac_cv_path_PKG_CONFIG=/usr/bin/pkg-config
ac_cv_path_SED=/bin/sed
ac_cv_path_install='/usr/bin/install -c'
ac_cv_path_mkdir=/bin/mkdir
ac_cv_prog_AWK=mawk
ac_cv_prog_CPP='gcc -E'
ac_cv_prog_ac_ct_AR=ar
ac_cv_prog_ac_ct_CC=gcc
ac_cv_prog_ac_ct_FC=gfortran
ac_cv_prog_ac_ct_OBJDUMP=objdump
ac_cv_prog_ac_ct_RANLIB=ranlib
ac_cv_prog_ac_ct_STRIP=strip
ac_cv_prog_cc_c89=
ac_cv_prog_cc_g=yes
ac_cv_prog_fc_g=yes
ac_cv_prog_make_make_set=yes
am_cv_CC_dependencies_compiler_type=none
am_cv_make_support_nested_variables=yes
am_cv_prog_cc_c_o=yes
lt_cv_ar_at_file=@
lt_cv_archive_cmds_need_lc=no
lt_cv_deplibs_check_method=pass_all
lt_cv_file_magic_cmd='$MAGIC_CMD'
lt_cv_file_magic_test_file=
lt_cv_ld_reload_flag=-r
lt_cv_nm_interface='BSD nm'
lt_cv_objdir=.libs
lt_cv_path_LD=/usr/bin/ld
lt_cv_path_NM='/usr/bin/nm -B'
lt_cv_path_mainfest_tool=no
lt_cv_prog_compiler_c_o=yes
lt_cv_prog_compiler_c_o_FC=yes
lt_cv_prog_compiler_pic='-fPIC -DPIC'
lt_cv_prog_compiler_pic_FC=-fPIC
lt_cv_prog_compiler_pic_works=yes
lt_cv_prog_compiler_pic_works_FC=yes
lt_cv_prog_compiler_rtti_exceptions=no
lt_cv_prog_compiler_static_works=yes
lt_cv_prog_compiler_static_works_FC=yes
lt_cv_prog_gnu_ld=yes
lt_cv_sharedlib_from_linklib_cmd='printf %s\n'
lt_cv_shlibpath_overrides_runpath=no
lt_cv_sys_global_symbol_pipe='sed -n -e '\''s/^.*[	 ]\([ABCDGIRSTW][ABCDGIRSTW]*\)[	 ][	 ]*\([_A-Za-z][_A-Za-z0-9]*\)$/\1 \2 \2/p'\'' | sed '\''/ __gnu_lto/d'\'''
lt_cv_sys_global_symbol_to_c_name_address='sed -n -e '\''s/^: \([^ ]*\)[ ]*$/  {\"\1\", (void *) 0},/p'\'' -e '\''s/^[ABCDGIRSTW]* \([^ ]*\) \([^ ]*\)$/  {"\2", (void *) \&\2},/p'\'''
lt_cv_sys_global_symbol_to_c_name_address_lib_prefix='sed -n -e '\''s/^: \([^ ]*\)[ ]*$/  {\"\1\", (void *) 0},/p'\'' -e '\''s/^[ABCDGIRSTW]* \([^ ]*\) \(lib[^ ]*\)$/  {"\2", (void *) \&\2},/p'\'' -e '\''s/^[ABCDGIRSTW]* \([^ ]*\) \([^ ]*\)$/  {"lib\2", (void *) \&\2},/p'\'''
lt_cv_sys_global_symbol_to_cdecl='sed -n -e '\''s/^T .* \(.*\)$/extern int \1();/p'\'' -e '\''s/^[ABCDGIRSTW]* .* \(.*\)$/extern char \1;/p'\'''
lt_cv_sys_max_cmd_len=1572864
lt_cv_to_host_file_cmd=func_convert_file_noop
lt_cv_to_tool_file_cmd=func_convert_file_noop
pkg_cv_NETCDF_CFLAGS='-I/usr/local/include '
pkg_cv_NETCDF_LIBS='-L/usr/local/lib -lnetcdf '

## ----------------- ##
## Output variables. ##
## ----------------- ##

'
ACLOCAL='${SHELL} /workspace/volume/XBEACH/trunk/config/missing aclocal-1.14'
AMDEPBACKSLASH='\'
AMDEP_FALSE='#'
AMDEP_TRUE=''
AMTAR='$${TAR-tar}'
AM_BACKSLASH='\'
AM_DEFAULT_V='$(AM_DEFAULT_VERBOSITY)'
AM_DEFAULT_VERBOSITY='0'
AM_V='$(V)'
AR='ar'
AUTOCONF='${SHELL} /workspace/volume/XBEACH/trunk/config/missing autoconf'
AUTOHEADER='${SHELL} /workspace/volume/XBEACH/trunk/config/missing autoheader'
AUTOMAKE='${SHELL} /workspace/volume/XBEACH/trunk/config/missing automake-1.14'
AWK='mawk'
CC='gcc'
CCDEPMODE='depmode=none'
CFLAGS='-g -O2'
CPP='gcc -E'
CPPFLAGS=''
CYGPATH_W='echo'
DEFS='-DHAVE_CONFIG_H'
DEPDIR='.deps'
DLLTOOL='false'
DSYMUTIL=''
DUMPBIN=''
ECHO_C=''
ECHO_N='-n'
ECHO_T=''
EGREP='/bin/grep -E'
EXEEXT=''
FC='gfortran'
FCFLAGS='-g -O2 -ffree-form -ffree-line-length-none'
FC_NOMPI='gfortran'
FGREP='/bin/grep -F'
GREP='/bin/grep'
INSTALL_DATA='${INSTALL} -m 644'
INSTALL_PROGRAM='${INSTALL}'
INSTALL_SCRIPT='${INSTALL}'
INSTALL_STRIP_PROGRAM='$(install_sh) -c -s'
LD='/usr/bin/ld -m elf_x86_64'
LDFLAGS=''
LIBOBJS=''
LIBS=''
LIBTOOL='$(SHELL) $(top_builddir)/libtool'
LIPO=''
LN_S='ln -s'
LTLIBOBJS=''
MAKEDEPO='$(top_srcdir)/makedepo.py
MAKEINFO='${SHELL} /workspace/volume/XBEACH/trunk/config/missing makeinfo'
MANIFEST_TOOL=':'
MKDIR_P='/bin/mkdir -p'
MPIFC=''
MPILIBS=''
NETCDF_CFLAGS='-I/usr/local/include '
NETCDF_FORTRAN_CFLAGS=''
NETCDF_FORTRAN_LIBS=''
NETCDF_LIBS='-L/usr/local/lib -lnetcdf '
NM='/usr/bin/nm -B'
NMEDIT=''
OBJDUMP='objdump'
OBJEXT='o'
OTOOL64=''
OTOOL=''
PACKAGE='xbeach'
PACKAGE_BUGREPORT='d.roelvink@unesco-ihe.org'
PACKAGE_NAME='xbeach'
PACKAGE_STRING='xbeach v18'
PACKAGE_TARNAME='xbeach'
PACKAGE_URL=''
PACKAGE_VERSION='v18'
PATH_SEPARATOR=':'
PKG_CONFIG='/usr/bin/pkg-config'
PKG_CONFIG_LIBDIR=''
PKG_CONFIG_PATH=''
RANLIB='ranlib'
SED='/bin/sed'
SET_MAKE=''
SHELL='/bin/bash'
STRIP='strip'
USEMPI_FALSE=''
USEMPI_TRUE='#'
USENETCDF_FALSE='#'
USENETCDF_TRUE=''
VERSION='v18'
ac_ct_AR='ar'
ac_ct_CC='gcc'
ac_ct_DUMPBIN=''
ac_ct_FC='gfortran'
am__EXEEXT_FALSE=''
am__EXEEXT_TRUE='#'
am__fastdepCC_FALSE=''
am__fastdepCC_TRUE='#'
am__include='include'
am__isrc=''
am__leading_dot='.'
am__nodep='_no'
am__quote=''
am__tar='$${TAR-tar} chof - "$$tardir"'
am__untar='$${TAR-tar} xf -'
bindir='${exec_prefix}/bin'
build='x86_64-unknown-linux-gnu'
build_alias=''
build_cpu='x86_64'
build_os='linux-gnu'
build_vendor='unknown'
datadir='${datarootdir}'
datarootdir='${prefix}/share'
deps='deps'
docdir='${datarootdir}/doc/${PACKAGE_TARNAME}'
dvidir='${docdir}'
exec_prefix='${prefix}'
host='x86_64-unknown-linux-gnu'
host_alias=''
host_cpu='x86_64'
host_os='linux-gnu'
host_vendor='unknown'
htmldir='${docdir}'
includedir='${prefix}/include'
infodir='${datarootdir}/info'
install_sh='${SHELL} /workspace/volume/XBEACH/trunk/config/install-sh'
libdir='${exec_prefix}/lib'
libexecdir='${exec_prefix}/libexec'
localedir='${datarootdir}/locale'
localstatedir='${prefix}/var'
mandir='${datarootdir}/man'
mkdir_p='$(MKDIR_P)'
oldincludedir='/usr/include'
pdfdir='${docdir}'
prefix='/usr/local'
program_transform_name='s,x,x,'
psdir='${docdir}'
sbindir='${exec_prefix}/sbin'
sharedstatedir='${prefix}/com'
sysconfdir='${prefix}/etc'
target_alias=''

## ----------- ##
## confdefs.h. ##
## ----------- ##

/* confdefs.h */
#define PACKAGE_NAME "xbeach"
#define PACKAGE_TARNAME "xbeach"
#define PACKAGE_VERSION "v18"
#define PACKAGE_STRING "xbeach v18"
#define PACKAGE_BUGREPORT "d.roelvink@unesco-ihe.org"
#define PACKAGE_URL ""
#define STDC_HEADERS 1
#define HAVE_SYS_TYPES_H 1
#define HAVE_SYS_STAT_H 1
#define HAVE_STDLIB_H 1
#define HAVE_STRING_H 1
#define HAVE_MEMORY_H 1
#define HAVE_STRINGS_H 1
#define HAVE_INTTYPES_H 1
#define HAVE_STDINT_H 1
#define HAVE_UNISTD_H 1
#define HAVE_DLFCN_H 1
#define LT_OBJDIR ".libs/"
#define PACKAGE "xbeach"
#define VERSION "v18"
#define HAVE_FORTRAN_ISNAN 1
#define HAVE_NETCDF 1

configure: exit 0
